<?xml version="1.0" encoding="UTF-8"?>
<testsuite name="test.Collections.GraphMartinTest" tests="12" skipped="0" failures="0" errors="0" timestamp="2017-11-30T14:44:29" hostname="MacBook-Pro-de-Guillermo.local" time="7.256">
  <properties/>
  <testcase name="GraphEdittingTest" classname="test.Collections.GraphMartinTest" time="0.006"/>
  <testcase name="TestFloyd" classname="test.Collections.GraphMartinTest" time="0.001"/>
  <testcase name="TestDijkstra" classname="test.Collections.GraphMartinTest" time="0.0"/>
  <testcase name="GraphNodeTest" classname="test.Collections.GraphMartinTest" time="0.0"/>
  <testcase name="GraphEdittingTest" classname="test.Collections.GraphMartinTest" time="0.001"/>
  <testcase name="TestFloyd" classname="test.Collections.GraphMartinTest" time="0.0"/>
  <testcase name="TestDijkstra" classname="test.Collections.GraphMartinTest" time="0.001"/>
  <testcase name="GraphNodeTest" classname="test.Collections.GraphMartinTest" time="0.0"/>
  <testcase name="GraphEdittingTest" classname="test.Collections.GraphMartinTest" time="0.001"/>
  <testcase name="TestFloyd" classname="test.Collections.GraphMartinTest" time="0.0"/>
  <testcase name="TestDijkstra" classname="test.Collections.GraphMartinTest" time="0.0"/>
  <testcase name="GraphNodeTest" classname="test.Collections.GraphMartinTest" time="0.001"/>
  <system-out><![CDATA[No repeated nodes are allowed java.lang.Exception: Element is already in the graph.
Starting|arrival node does not exists java.lang.ArrayIndexOutOfBoundsException: -1
No repeated nodes are allowed java.lang.Exception: Element is already in the graph.
Starting|arrival node does not exists java.lang.ArrayIndexOutOfBoundsException: -1
No repeated nodes are allowed java.lang.Exception: Element is already in the graph.
Starting|arrival node does not exists java.lang.ArrayIndexOutOfBoundsException: -1
]]></system-out>
  <system-err><![CDATA[]]></system-err>
</testsuite>
