<?xml version="1.0" encoding="UTF-8"?>
<testsuite name="test.UIScreenTest" tests="1" skipped="0" failures="0" errors="0" timestamp="2017-11-30T14:44:40" hostname="MacBook-Pro-de-Guillermo.local" time="0.516">
  <properties/>
  <testcase name="test" classname="test.UIScreenTest" time="0.516"/>
  <system-out><![CDATA[1280.0 x 800.0
1280.0 x 800.0
113
]]></system-out>
  <system-err><![CDATA[]]></system-err>
</testsuite>
