<?xml version="1.0" encoding="UTF-8"?>
<testsuite name="test.Collections.Carlos_Unit8EvalTest" tests="12" skipped="0" failures="0" errors="0" timestamp="2017-11-30T14:44:29" hostname="MacBook-Pro-de-Guillermo.local" time="7.294">
  <properties/>
  <testcase name="testGetHeightCarlos" classname="test.Collections.Carlos_Unit8EvalTest" time="0.0"/>
  <testcase name="testSingleRotation" classname="test.Collections.Carlos_Unit8EvalTest" time="0.001"/>
  <testcase name="testRemoval" classname="test.Collections.Carlos_Unit8EvalTest" time="0.0"/>
  <testcase name="testDoubleRotation" classname="test.Collections.Carlos_Unit8EvalTest" time="0.0"/>
  <testcase name="testGetHeightCarlos" classname="test.Collections.Carlos_Unit8EvalTest" time="0.0"/>
  <testcase name="testSingleRotation" classname="test.Collections.Carlos_Unit8EvalTest" time="0.0"/>
  <testcase name="testRemoval" classname="test.Collections.Carlos_Unit8EvalTest" time="0.001"/>
  <testcase name="testDoubleRotation" classname="test.Collections.Carlos_Unit8EvalTest" time="0.0"/>
  <testcase name="testGetHeightCarlos" classname="test.Collections.Carlos_Unit8EvalTest" time="0.0"/>
  <testcase name="testSingleRotation" classname="test.Collections.Carlos_Unit8EvalTest" time="0.0"/>
  <testcase name="testRemoval" classname="test.Collections.Carlos_Unit8EvalTest" time="0.0"/>
  <testcase name="testDoubleRotation" classname="test.Collections.Carlos_Unit8EvalTest" time="0.001"/>
  <system-out><![CDATA[]]></system-out>
  <system-err><![CDATA[]]></system-err>
</testsuite>
