<?xml version="1.0" encoding="UTF-8"?>
<testsuite name="test.Collections.HashTableTest" tests="18" skipped="3" failures="0" errors="0" timestamp="2017-11-30T14:44:29" hostname="MacBook-Pro-de-Guillermo.local" time="9.751">
  <properties/>
  <testcase name="isPrimeAKSTest" classname="test.Collections.HashTableTest" time="3.693"/>
  <testcase name="getNextPrimeTest" classname="test.Collections.HashTableTest" time="0.001"/>
  <testcase name="isPrimeTest" classname="test.Collections.HashTableTest" time="0.001"/>
  <testcase name="getPrevPrimeTest" classname="test.Collections.HashTableTest" time="0.001"/>
  <testcase name="getNextPrimeAKSTest" classname="test.Collections.HashTableTest" time="0.037"/>
  <testcase name="differentsLoadFactorsTest" classname="test.Collections.HashTableTest" time="0.001">
    <skipped/>
  </testcase>
  <testcase name="isPrimeAKSTest" classname="test.Collections.HashTableTest" time="2.593"/>
  <testcase name="getNextPrimeTest" classname="test.Collections.HashTableTest" time="0.0"/>
  <testcase name="isPrimeTest" classname="test.Collections.HashTableTest" time="0.001"/>
  <testcase name="getPrevPrimeTest" classname="test.Collections.HashTableTest" time="0.0"/>
  <testcase name="getNextPrimeAKSTest" classname="test.Collections.HashTableTest" time="0.028"/>
  <testcase name="differentsLoadFactorsTest" classname="test.Collections.HashTableTest" time="0.0">
    <skipped/>
  </testcase>
  <testcase name="isPrimeAKSTest" classname="test.Collections.HashTableTest" time="2.557"/>
  <testcase name="getNextPrimeTest" classname="test.Collections.HashTableTest" time="0.001"/>
  <testcase name="isPrimeTest" classname="test.Collections.HashTableTest" time="0.0"/>
  <testcase name="getPrevPrimeTest" classname="test.Collections.HashTableTest" time="0.002"/>
  <testcase name="getNextPrimeAKSTest" classname="test.Collections.HashTableTest" time="0.014"/>
  <testcase name="differentsLoadFactorsTest" classname="test.Collections.HashTableTest" time="0.0">
    <skipped/>
  </testcase>
  <system-out><![CDATA[FROM TESTING: java.lang.IllegalArgumentException: There are not any previus prime number.
FROM TESTING: java.lang.IllegalArgumentException: There are not any previus prime number.
FROM TESTING: java.lang.IllegalArgumentException: There are not any previus prime number.
FROM TESTING: java.lang.IllegalArgumentException: There are not any previus prime number.
FROM TESTING: java.lang.IllegalArgumentException: There are not any previus prime number.
FROM TESTING: java.lang.IllegalArgumentException: There are not any previus prime number.
FROM TESTING: java.lang.IllegalArgumentException: There are not any previus prime number.
FROM TESTING: java.lang.IllegalArgumentException: There are not any previus prime number.
FROM TESTING: java.lang.IllegalArgumentException: There are not any previus prime number.
FROM TESTING: java.lang.IllegalArgumentException: There are not any previus prime number.
FROM TESTING: java.lang.IllegalArgumentException: There are not any previus prime number.
FROM TESTING: java.lang.IllegalArgumentException: There are not any previus prime number.
]]></system-out>
  <system-err><![CDATA[]]></system-err>
</testsuite>
