<?xml version="1.0" encoding="UTF-8"?>
<testsuite name="test.Collections.L7_AVLTreeTestBasicOpsWithHeight" tests="3" skipped="0" failures="0" errors="0" timestamp="2017-11-30T14:44:29" hostname="MacBook-Pro-de-Guillermo.local" time="7.292">
  <properties/>
  <testcase name="testAddRemove" classname="test.Collections.L7_AVLTreeTestBasicOpsWithHeight" time="0.0"/>
  <testcase name="testAddRemove" classname="test.Collections.L7_AVLTreeTestBasicOpsWithHeight" time="0.002"/>
  <testcase name="testAddRemove" classname="test.Collections.L7_AVLTreeTestBasicOpsWithHeight" time="0.001"/>
  <system-out><![CDATA[java.lang.IllegalArgumentException: No repeated elements are allowed inside a tree.
java.lang.IllegalArgumentException: No repeated elements are allowed inside a tree.
java.lang.IllegalArgumentException: No repeated elements are allowed inside a tree.
]]></system-out>
  <system-err><![CDATA[]]></system-err>
</testsuite>
