<?xml version="1.0" encoding="UTF-8"?>
<testsuite name="test.Collections.HashTablesMartinTest" tests="15" skipped="0" failures="0" errors="0" timestamp="2017-11-30T14:44:33" hostname="MacBook-Pro-de-Guillermo.local" time="6.017">
  <properties/>
  <testcase name="searchAndRemoveWithDoubleHashingTest" classname="test.Collections.HashTablesMartinTest" time="0.0"/>
  <testcase name="addAndSearchTest" classname="test.Collections.HashTablesMartinTest" time="0.001"/>
  <testcase name="martinTest" classname="test.Collections.HashTablesMartinTest" time="0.0"/>
  <testcase name="doubleHashingTest" classname="test.Collections.HashTablesMartinTest" time="0.0"/>
  <testcase name="dynamicResizingTest" classname="test.Collections.HashTablesMartinTest" time="0.0"/>
  <testcase name="searchAndRemoveWithDoubleHashingTest" classname="test.Collections.HashTablesMartinTest" time="0.0"/>
  <testcase name="addAndSearchTest" classname="test.Collections.HashTablesMartinTest" time="0.0"/>
  <testcase name="martinTest" classname="test.Collections.HashTablesMartinTest" time="0.0"/>
  <testcase name="doubleHashingTest" classname="test.Collections.HashTablesMartinTest" time="0.0"/>
  <testcase name="dynamicResizingTest" classname="test.Collections.HashTablesMartinTest" time="0.0"/>
  <testcase name="searchAndRemoveWithDoubleHashingTest" classname="test.Collections.HashTablesMartinTest" time="0.0"/>
  <testcase name="addAndSearchTest" classname="test.Collections.HashTablesMartinTest" time="0.0"/>
  <testcase name="martinTest" classname="test.Collections.HashTablesMartinTest" time="0.0"/>
  <testcase name="doubleHashingTest" classname="test.Collections.HashTablesMartinTest" time="0.0"/>
  <testcase name="dynamicResizingTest" classname="test.Collections.HashTablesMartinTest" time="0.0"/>
  <system-out><![CDATA[]]></system-out>
  <system-err><![CDATA[]]></system-err>
</testsuite>
