<?xml version="1.0" encoding="UTF-8"?>
<testsuite name="test.Collections.GenericDataStructureTest" tests="12" skipped="0" failures="0" errors="0" timestamp="2017-11-30T14:44:29" hostname="MacBook-Pro-de-Guillermo.local" time="7.259">
  <properties/>
  <testcase name="addTest" classname="test.Collections.GenericDataStructureTest" time="0.001"/>
  <testcase name="compareToTest" classname="test.Collections.GenericDataStructureTest" time="0.0"/>
  <testcase name="toStringTest" classname="test.Collections.GenericDataStructureTest" time="0.001"/>
  <testcase name="sortTest" classname="test.Collections.GenericDataStructureTest" time="0.0"/>
  <testcase name="addTest" classname="test.Collections.GenericDataStructureTest" time="0.001"/>
  <testcase name="compareToTest" classname="test.Collections.GenericDataStructureTest" time="0.0"/>
  <testcase name="toStringTest" classname="test.Collections.GenericDataStructureTest" time="0.0"/>
  <testcase name="sortTest" classname="test.Collections.GenericDataStructureTest" time="0.001"/>
  <testcase name="addTest" classname="test.Collections.GenericDataStructureTest" time="0.001"/>
  <testcase name="compareToTest" classname="test.Collections.GenericDataStructureTest" time="0.0"/>
  <testcase name="toStringTest" classname="test.Collections.GenericDataStructureTest" time="0.0"/>
  <testcase name="sortTest" classname="test.Collections.GenericDataStructureTest" time="0.0"/>
  <system-out><![CDATA[]]></system-out>
  <system-err><![CDATA[]]></system-err>
</testsuite>
