<?xml version="1.0" encoding="UTF-8"?>
<testsuite name="test.NSBooleanTest" tests="1" skipped="0" failures="0" errors="0" timestamp="2017-11-30T14:44:39" hostname="MacBook-Pro-de-Guillermo.local" time="0.009">
  <properties/>
  <testcase name="test" classname="test.NSBooleanTest" time="0.009"/>
  <system-out><![CDATA[true
]]></system-out>
  <system-err><![CDATA[]]></system-err>
</testsuite>
