<?xml version="1.0" encoding="UTF-8"?>
<testsuite name="test.Collections.L7_BST_EvalTest" tests="12" skipped="0" failures="0" errors="0" timestamp="2017-11-30T14:44:29" hostname="MacBook-Pro-de-Guillermo.local" time="7.293">
  <properties/>
  <testcase name="test_D_Sample" classname="test.Collections.L7_BST_EvalTest" time="0.001"/>
  <testcase name="test_A" classname="test.Collections.L7_BST_EvalTest" time="0.0"/>
  <testcase name="test_B" classname="test.Collections.L7_BST_EvalTest" time="0.0"/>
  <testcase name="test_C_Joins" classname="test.Collections.L7_BST_EvalTest" time="0.002"/>
  <testcase name="test_D_Sample" classname="test.Collections.L7_BST_EvalTest" time="0.001"/>
  <testcase name="test_A" classname="test.Collections.L7_BST_EvalTest" time="0.0"/>
  <testcase name="test_B" classname="test.Collections.L7_BST_EvalTest" time="0.001"/>
  <testcase name="test_C_Joins" classname="test.Collections.L7_BST_EvalTest" time="0.0"/>
  <testcase name="test_D_Sample" classname="test.Collections.L7_BST_EvalTest" time="0.0"/>
  <testcase name="test_A" classname="test.Collections.L7_BST_EvalTest" time="0.0"/>
  <testcase name="test_B" classname="test.Collections.L7_BST_EvalTest" time="0.0"/>
  <testcase name="test_C_Joins" classname="test.Collections.L7_BST_EvalTest" time="0.001"/>
  <system-out><![CDATA[]]></system-out>
  <system-err><![CDATA[]]></system-err>
</testsuite>
