<?xml version="1.0" encoding="UTF-8"?>
<testsuite name="test.Collections.AVLTreeTestGetHeight" tests="3" skipped="0" failures="0" errors="0" timestamp="2017-11-30T14:44:29" hostname="MacBook-Pro-de-Guillermo.local" time="7.289">
  <properties/>
  <testcase name="test_AVL_5" classname="test.Collections.AVLTreeTestGetHeight" time="0.0"/>
  <testcase name="test_AVL_5" classname="test.Collections.AVLTreeTestGetHeight" time="0.0"/>
  <testcase name="test_AVL_5" classname="test.Collections.AVLTreeTestGetHeight" time="0.001"/>
  <system-out><![CDATA[]]></system-out>
  <system-err><![CDATA[]]></system-err>
</testsuite>
