<?xml version="1.0" encoding="UTF-8"?>
<testsuite name="test.Collections.ContainerTest" tests="21" skipped="0" failures="0" errors="0" timestamp="2017-11-30T14:44:29" hostname="MacBook-Pro-de-Guillermo.local" time="7.258">
  <properties/>
  <testcase name="getStringElementTest" classname="test.Collections.ContainerTest" time="0.0"/>
  <testcase name="setIntegerElementTest" classname="test.Collections.ContainerTest" time="0.0"/>
  <testcase name="getCharElementTest" classname="test.Collections.ContainerTest" time="0.0"/>
  <testcase name="setCharElementTest" classname="test.Collections.ContainerTest" time="0.0"/>
  <testcase name="getIntegerElementTest" classname="test.Collections.ContainerTest" time="0.0"/>
  <testcase name="toStringTest" classname="test.Collections.ContainerTest" time="0.0"/>
  <testcase name="setStringElementTest" classname="test.Collections.ContainerTest" time="0.0"/>
  <testcase name="getStringElementTest" classname="test.Collections.ContainerTest" time="0.0"/>
  <testcase name="setIntegerElementTest" classname="test.Collections.ContainerTest" time="0.0"/>
  <testcase name="getCharElementTest" classname="test.Collections.ContainerTest" time="0.0"/>
  <testcase name="setCharElementTest" classname="test.Collections.ContainerTest" time="0.0"/>
  <testcase name="getIntegerElementTest" classname="test.Collections.ContainerTest" time="0.0"/>
  <testcase name="toStringTest" classname="test.Collections.ContainerTest" time="0.0"/>
  <testcase name="setStringElementTest" classname="test.Collections.ContainerTest" time="0.0"/>
  <testcase name="getStringElementTest" classname="test.Collections.ContainerTest" time="0.0"/>
  <testcase name="setIntegerElementTest" classname="test.Collections.ContainerTest" time="0.001"/>
  <testcase name="getCharElementTest" classname="test.Collections.ContainerTest" time="0.001"/>
  <testcase name="setCharElementTest" classname="test.Collections.ContainerTest" time="0.0"/>
  <testcase name="getIntegerElementTest" classname="test.Collections.ContainerTest" time="0.0"/>
  <testcase name="toStringTest" classname="test.Collections.ContainerTest" time="0.001"/>
  <testcase name="setStringElementTest" classname="test.Collections.ContainerTest" time="0.0"/>
  <system-out><![CDATA[]]></system-out>
  <system-err><![CDATA[]]></system-err>
</testsuite>
