<?xml version="1.0" encoding="UTF-8"?>
<testsuite name="test.NSDateTest" tests="1" skipped="0" failures="0" errors="0" timestamp="2017-11-30T14:44:39" hostname="MacBook-Pro-de-Guillermo.local" time="0.05">
  <properties/>
  <testcase name="test" classname="test.NSDateTest" time="0.05"/>
  <system-out><![CDATA[01, ene., 2016
]]></system-out>
  <system-err><![CDATA[]]></system-err>
</testsuite>
