<?xml version="1.0" encoding="UTF-8"?>
<testsuite name="test.Collections.HashTablesUltimateCompleteTest" tests="54" skipped="9" failures="0" errors="0" timestamp="2017-11-30T14:44:33" hostname="MacBook-Pro-de-Guillermo.local" time="6.023">
  <properties/>
  <testcase name="testHashingFunctionIntegers" classname="test.Collections.HashTablesUltimateCompleteTest" time="0.0"/>
  <testcase name="searchAndRemoveWithDoubleHashingTest" classname="test.Collections.HashTablesUltimateCompleteTest" time="0.0"/>
  <testcase name="testPrime" classname="test.Collections.HashTablesUltimateCompleteTest" time="0.0"/>
  <testcase name="isPrimeAKSTest" classname="test.Collections.HashTablesUltimateCompleteTest" time="0.0">
    <skipped/>
  </testcase>
  <testcase name="getNextPrimeTest" classname="test.Collections.HashTablesUltimateCompleteTest" time="0.0"/>
  <testcase name="isPrimeTest" classname="test.Collections.HashTablesUltimateCompleteTest" time="0.001"/>
  <testcase name="getPrevPrimeTest" classname="test.Collections.HashTablesUltimateCompleteTest" time="0.0"/>
  <testcase name="testHashingFunctionCharacters" classname="test.Collections.HashTablesUltimateCompleteTest" time="0.0"/>
  <testcase name="getNextPrimeAKSTest" classname="test.Collections.HashTablesUltimateCompleteTest" time="0.0">
    <skipped/>
  </testcase>
  <testcase name="addAndSearchTest" classname="test.Collections.HashTablesUltimateCompleteTest" time="0.0"/>
  <testcase name="martinTest" classname="test.Collections.HashTablesUltimateCompleteTest" time="0.0"/>
  <testcase name="differentsLoadFactorsTest" classname="test.Collections.HashTablesUltimateCompleteTest" time="0.0">
    <skipped/>
  </testcase>
  <testcase name="doubleHashingTest" classname="test.Collections.HashTablesUltimateCompleteTest" time="0.0"/>
  <testcase name="dynamicResizingTest" classname="test.Collections.HashTablesUltimateCompleteTest" time="0.0"/>
  <testcase name="testHashTableAddSearchLP" classname="test.Collections.HashTablesUltimateCompleteTest" time="0.0"/>
  <testcase name="testHashTableAddSearchQP" classname="test.Collections.HashTablesUltimateCompleteTest" time="0.0"/>
  <testcase name="testHashTableRemoveLP" classname="test.Collections.HashTablesUltimateCompleteTest" time="0.0"/>
  <testcase name="testHashTableRemoveQP" classname="test.Collections.HashTablesUltimateCompleteTest" time="0.0"/>
  <testcase name="testHashingFunctionIntegers" classname="test.Collections.HashTablesUltimateCompleteTest" time="0.002"/>
  <testcase name="searchAndRemoveWithDoubleHashingTest" classname="test.Collections.HashTablesUltimateCompleteTest" time="0.0"/>
  <testcase name="testPrime" classname="test.Collections.HashTablesUltimateCompleteTest" time="0.0"/>
  <testcase name="isPrimeAKSTest" classname="test.Collections.HashTablesUltimateCompleteTest" time="0.0">
    <skipped/>
  </testcase>
  <testcase name="getNextPrimeTest" classname="test.Collections.HashTablesUltimateCompleteTest" time="0.0"/>
  <testcase name="isPrimeTest" classname="test.Collections.HashTablesUltimateCompleteTest" time="0.005"/>
  <testcase name="getPrevPrimeTest" classname="test.Collections.HashTablesUltimateCompleteTest" time="0.001"/>
  <testcase name="testHashingFunctionCharacters" classname="test.Collections.HashTablesUltimateCompleteTest" time="0.0"/>
  <testcase name="getNextPrimeAKSTest" classname="test.Collections.HashTablesUltimateCompleteTest" time="0.0">
    <skipped/>
  </testcase>
  <testcase name="addAndSearchTest" classname="test.Collections.HashTablesUltimateCompleteTest" time="0.0"/>
  <testcase name="martinTest" classname="test.Collections.HashTablesUltimateCompleteTest" time="0.001"/>
  <testcase name="differentsLoadFactorsTest" classname="test.Collections.HashTablesUltimateCompleteTest" time="0.0">
    <skipped/>
  </testcase>
  <testcase name="doubleHashingTest" classname="test.Collections.HashTablesUltimateCompleteTest" time="0.0"/>
  <testcase name="dynamicResizingTest" classname="test.Collections.HashTablesUltimateCompleteTest" time="0.0"/>
  <testcase name="testHashTableAddSearchLP" classname="test.Collections.HashTablesUltimateCompleteTest" time="0.0"/>
  <testcase name="testHashTableAddSearchQP" classname="test.Collections.HashTablesUltimateCompleteTest" time="0.001"/>
  <testcase name="testHashTableRemoveLP" classname="test.Collections.HashTablesUltimateCompleteTest" time="0.0"/>
  <testcase name="testHashTableRemoveQP" classname="test.Collections.HashTablesUltimateCompleteTest" time="0.0"/>
  <testcase name="testHashingFunctionIntegers" classname="test.Collections.HashTablesUltimateCompleteTest" time="0.0"/>
  <testcase name="searchAndRemoveWithDoubleHashingTest" classname="test.Collections.HashTablesUltimateCompleteTest" time="0.0"/>
  <testcase name="testPrime" classname="test.Collections.HashTablesUltimateCompleteTest" time="0.0"/>
  <testcase name="isPrimeAKSTest" classname="test.Collections.HashTablesUltimateCompleteTest" time="0.0">
    <skipped/>
  </testcase>
  <testcase name="getNextPrimeTest" classname="test.Collections.HashTablesUltimateCompleteTest" time="0.0"/>
  <testcase name="isPrimeTest" classname="test.Collections.HashTablesUltimateCompleteTest" time="0.0"/>
  <testcase name="getPrevPrimeTest" classname="test.Collections.HashTablesUltimateCompleteTest" time="0.001"/>
  <testcase name="testHashingFunctionCharacters" classname="test.Collections.HashTablesUltimateCompleteTest" time="0.001"/>
  <testcase name="getNextPrimeAKSTest" classname="test.Collections.HashTablesUltimateCompleteTest" time="0.0">
    <skipped/>
  </testcase>
  <testcase name="addAndSearchTest" classname="test.Collections.HashTablesUltimateCompleteTest" time="0.0"/>
  <testcase name="martinTest" classname="test.Collections.HashTablesUltimateCompleteTest" time="0.0"/>
  <testcase name="differentsLoadFactorsTest" classname="test.Collections.HashTablesUltimateCompleteTest" time="0.0">
    <skipped/>
  </testcase>
  <testcase name="doubleHashingTest" classname="test.Collections.HashTablesUltimateCompleteTest" time="0.0"/>
  <testcase name="dynamicResizingTest" classname="test.Collections.HashTablesUltimateCompleteTest" time="0.0"/>
  <testcase name="testHashTableAddSearchLP" classname="test.Collections.HashTablesUltimateCompleteTest" time="0.0"/>
  <testcase name="testHashTableAddSearchQP" classname="test.Collections.HashTablesUltimateCompleteTest" time="0.0"/>
  <testcase name="testHashTableRemoveLP" classname="test.Collections.HashTablesUltimateCompleteTest" time="0.0"/>
  <testcase name="testHashTableRemoveQP" classname="test.Collections.HashTablesUltimateCompleteTest" time="0.001"/>
  <system-out><![CDATA[FROM TESTING: java.lang.IllegalArgumentException: There are not any previus prime number.
FROM TESTING: java.lang.IllegalArgumentException: There are not any previus prime number.
FROM TESTING: java.lang.IllegalArgumentException: There are not any previus prime number.
FROM TESTING: java.lang.IllegalArgumentException: There are not any previus prime number.
FROM TESTING: java.lang.IllegalArgumentException: There are not any previus prime number.
FROM TESTING: java.lang.IllegalArgumentException: There are not any previus prime number.
FROM TESTING: java.lang.IllegalArgumentException: There are not any previus prime number.
FROM TESTING: java.lang.IllegalArgumentException: There are not any previus prime number.
FROM TESTING: java.lang.IllegalArgumentException: There are not any previus prime number.
FROM TESTING: java.lang.IllegalArgumentException: There are not any previus prime number.
FROM TESTING: java.lang.IllegalArgumentException: There are not any previus prime number.
FROM TESTING: java.lang.IllegalArgumentException: There are not any previus prime number.
]]></system-out>
  <system-err><![CDATA[]]></system-err>
</testsuite>
