<?xml version="1.0" encoding="UTF-8"?>
<testsuite name="test.Collections.GraphNodeTest" tests="15" skipped="0" failures="0" errors="0" timestamp="2017-11-30T14:44:29" hostname="MacBook-Pro-de-Guillermo.local" time="7.259">
  <properties/>
  <testcase name="getVisitedTest" classname="test.Collections.GraphNodeTest" time="0.0"/>
  <testcase name="setElementTest" classname="test.Collections.GraphNodeTest" time="0.0"/>
  <testcase name="getElementTest" classname="test.Collections.GraphNodeTest" time="0.0"/>
  <testcase name="setVisitedTest" classname="test.Collections.GraphNodeTest" time="0.0"/>
  <testcase name="toStringTest" classname="test.Collections.GraphNodeTest" time="0.0"/>
  <testcase name="getVisitedTest" classname="test.Collections.GraphNodeTest" time="0.0"/>
  <testcase name="setElementTest" classname="test.Collections.GraphNodeTest" time="0.0"/>
  <testcase name="getElementTest" classname="test.Collections.GraphNodeTest" time="0.0"/>
  <testcase name="setVisitedTest" classname="test.Collections.GraphNodeTest" time="0.0"/>
  <testcase name="toStringTest" classname="test.Collections.GraphNodeTest" time="0.0"/>
  <testcase name="getVisitedTest" classname="test.Collections.GraphNodeTest" time="0.0"/>
  <testcase name="setElementTest" classname="test.Collections.GraphNodeTest" time="0.0"/>
  <testcase name="getElementTest" classname="test.Collections.GraphNodeTest" time="0.0"/>
  <testcase name="setVisitedTest" classname="test.Collections.GraphNodeTest" time="0.0"/>
  <testcase name="toStringTest" classname="test.Collections.GraphNodeTest" time="0.001"/>
  <system-out><![CDATA[]]></system-out>
  <system-err><![CDATA[]]></system-err>
</testsuite>
